<?xml version="1.0" encoding="UTF-8"?>
<robot generator="Rebot 7.0 (Python 3.11.2 on darwin)" generated="2024-06-09T20:01:48.232147" rpa="false" schemaversion="5">
<suite id="s1" name="02 Tests" source="/Users/darya_shalukho/robot_framework/02_tests">
<suite id="s1-s1" name="Google Search" source="/Users/darya_shalukho/robot_framework/02_tests/google_search.robot">
<test id="s1-s1-t1" name="Google Search Test" line="9">
<kw name="Open Browser" owner="SeleniumLibrary">
<msg time="2024-06-09T20:01:40.679108" level="INFO">Opening browser 'firefox' to base url 'https://www.google.com'.</msg>
<arg>${SEARCH}</arg>
<arg>${BROWSER}</arg>
<doc>Opens a new browser instance to the optional ``url``.</doc>
<status status="PASS" start="2024-06-09T20:01:40.678782" elapsed="3.905533"/>
</kw>
<kw name="Handle Cookies Popup">
<kw name="Click Element" owner="SeleniumLibrary">
<msg time="2024-06-09T20:01:44.586920" level="INFO">Clicking element 'xpath://*[@id="W0wltc"]'.</msg>
<arg>xpath://*[@id="W0wltc"]</arg>
<doc>Click the element identified by ``locator``.</doc>
<status status="PASS" start="2024-06-09T20:01:44.586500" elapsed="0.254961"/>
</kw>
<status status="PASS" start="2024-06-09T20:01:44.585838" elapsed="0.255769"/>
</kw>
<kw name="Input Search Query">
<kw name="Input Text" owner="SeleniumLibrary">
<msg time="2024-06-09T20:01:44.842268" level="INFO">Typing text 'Robot Framework' into text field 'name:q'.</msg>
<arg>name:q</arg>
<arg>Robot Framework</arg>
<doc>Types the given ``text`` into the text field identified by ``locator``.</doc>
<status status="PASS" start="2024-06-09T20:01:44.842093" elapsed="0.085657"/>
</kw>
<kw name="Press Keys" owner="SeleniumLibrary">
<msg time="2024-06-09T20:01:44.928351" level="INFO">Sending key(s) ('ENTER',) to name:q element.</msg>
<msg time="2024-06-09T20:01:45.227590" level="INFO">Pressing special key ENTER to element.</msg>
<msg time="2024-06-09T20:01:45.227705" level="INFO">Releasing special key ENTER.</msg>
<arg>name:q</arg>
<arg>ENTER</arg>
<doc>Simulates the user pressing key(s) to an element or on the active browser.</doc>
<status status="PASS" start="2024-06-09T20:01:44.927964" elapsed="0.324608"/>
</kw>
<kw name="Sleep" owner="BuiltIn">
<msg time="2024-06-09T20:01:47.254237" level="INFO">Slept 2 seconds.</msg>
<arg>2s</arg>
<doc>Pauses the test executed for the given time.</doc>
<status status="PASS" start="2024-06-09T20:01:45.252757" elapsed="2.002289"/>
</kw>
<status status="PASS" start="2024-06-09T20:01:44.841776" elapsed="2.413932"/>
</kw>
<kw name="Verify Search Results">
<kw name="Get Title" owner="SeleniumLibrary">
<msg time="2024-06-09T20:01:47.263172" level="INFO">${title} = Robot Framework - Szukaj w Google</msg>
<var>${title}</var>
<doc>Returns the title of the current page.</doc>
<status status="PASS" start="2024-06-09T20:01:47.258112" elapsed="0.005166"/>
</kw>
<kw name="Run Keyword If" owner="BuiltIn">
<arg>'${title}' == 'Robot Framework'</arg>
<arg>Title Should Be</arg>
<arg>Robot Framework</arg>
<doc>Runs the given keyword with the given arguments, if ``condition`` is true.</doc>
<status status="PASS" start="2024-06-09T20:01:47.263721" elapsed="0.000602"/>
</kw>
<status status="PASS" start="2024-06-09T20:01:47.256711" elapsed="0.007762"/>
</kw>
<kw name="Close Browser" owner="SeleniumLibrary">
<doc>Closes the current browser.</doc>
<status status="PASS" start="2024-06-09T20:01:47.264689" elapsed="0.616083"/>
</kw>
<doc>The test performs a Google search and checks the results</doc>
<tag>smoke</tag>
<status status="PASS" start="2024-06-09T20:01:40.678122" elapsed="7.202891"/>
</test>
<status status="PASS" start="2024-06-09T20:01:40.584000" elapsed="7.297425"/>
</suite>
<doc>[https://pabot.org/?ref=log|Pabot] result from 1 executions.</doc>
<status status="PASS" start="2024-06-09T20:01:40.574000" elapsed="7.307139"/>
</suite>
<statistics>
<total>
<stat pass="1" fail="0" skip="0">All Tests</stat>
</total>
<tag>
<stat pass="1" fail="0" skip="0">smoke</stat>
</tag>
<suite>
<stat pass="1" fail="0" skip="0" id="s1" name="02 Tests">02 Tests</stat>
<stat pass="1" fail="0" skip="0" id="s1-s1" name="Google Search">02 Tests.Google Search</stat>
</suite>
</statistics>
<errors>
<msg time="2024-06-09T20:01:40.574788" level="ERROR">Processing variable file 'firefox_args.txt' failed: Importing variable file 'firefox_args.txt' failed: ModuleNotFoundError: No module named 'firefox_args'
Traceback (most recent call last):
  None
PYTHONPATH:
  /Library/Frameworks/Python.framework/Versions/3.11/bin
  /Library/Frameworks/Python.framework/Versions/3.11/lib/python311.zip
  /Library/Frameworks/Python.framework/Versions/3.11/lib/python3.11
  /Library/Frameworks/Python.framework/Versions/3.11/lib/python3.11/lib-dynload
  /Library/Frameworks/Python.framework/Versions/3.11/lib/python3.11/site-packages</msg>
</errors>
</robot>
